[2026-04-03T14:51:10.635Z] 🚨 BLOQUÉ - IP: ::1 - Route: /api/orders
[2026-04-03T14:51:30.417Z] 🚨 BLOQUÉ - IP: ::1 - Route: /api/products
[2026-04-03T14:51:30.421Z] 🚨 BLOQUÉ - IP: ::1 - Route: /api/products/stats
[2026-04-03T14:51:38.517Z] 🚨 BLOQUÉ - IP: ::1 - Route: /api/products
[2026-04-03T14:51:38.526Z] 🚨 BLOQUÉ - IP: ::1 - Route: /api/products
[2026-04-03T14:51:38.848Z] 🚨 BLOQUÉ - IP: ::1 - Route: /api/products
[2026-04-03T14:51:38.889Z] 🚨 BLOQUÉ - IP: ::1 - Route: /api/products
[2026-04-03T15:33:33.928Z] 🚨 BLOQUÉ - IP: ::1 - Route: /api/notifications/stream
[2026-04-03T15:33:34.139Z] 🚨 BLOQUÉ - IP: ::1 - Route: /api/notifications/stream
[2026-04-03T15:34:31.475Z] 🚨 BLOQUÉ - IP: ::1 - Route: /api/products
[2026-04-03T15:34:31.533Z] 🚨 BLOQUÉ - IP: ::1 - Route: /api/products/stats
[2026-04-03T15:34:31.505Z] 🚨 BLOQUÉ - IP: ::1 - Route: /api/notifications/stream
[2026-04-03T15:34:31.544Z] 🚨 BLOQUÉ - IP: ::1 - Route: /api/orders
[2026-04-03T15:34:31.552Z] 🚨 BLOQUÉ - IP: ::1 - Route: /api/notifications/stream
[2026-04-03T15:35:04.306Z] 🚨 BLOQUÉ - IP: ::1 - Route: /api/products
[2026-04-03T15:35:04.336Z] 🚨 BLOQUÉ - IP: ::1 - Route: /api/products/stats
[2026-04-03T15:35:04.340Z] 🚨 BLOQUÉ - IP: ::1 - Route: /api/orders
[2026-04-03T15:35:04.348Z] 🚨 BLOQUÉ - IP: ::1 - Route: /api/notifications/stream
[2026-04-03T15:35:04.362Z] 🚨 BLOQUÉ - IP: ::1 - Route: /api/notifications/stream
[2026-04-03T15:36:12.573Z] 🚨 BLOQUÉ - IP: ::1 - Route: /api/products
[2026-04-03T15:36:22.398Z] 🚨 BLOQUÉ - IP: ::1 - Route: /api/products
[2026-04-03T15:36:22.472Z] 🚨 BLOQUÉ - IP: ::1 - Route: /api/notifications/stream
[2026-04-03T15:36:22.677Z] 🚨 BLOQUÉ - IP: ::1 - Route: /api/orders
[2026-04-03T15:36:22.507Z] 🚨 BLOQUÉ - IP: ::1 - Route: /api/products/stats
[2026-04-03T15:36:22.687Z] 🚨 BLOQUÉ - IP: ::1 - Route: /api/notifications/stream
[2026-04-03T15:36:38.855Z] 🚨 BLOQUÉ - IP: ::1 - Route: /api/products
[2026-04-03T15:36:48.096Z] 🚨 BLOQUÉ - IP: ::1 - Route: /api/products
[2026-04-03T15:36:48.130Z] 🚨 BLOQUÉ - IP: ::1 - Route: /api/orders
[2026-04-03T15:36:48.154Z] 🚨 BLOQUÉ - IP: ::1 - Route: /api/products/stats
[2026-04-03T15:36:48.166Z] 🚨 BLOQUÉ - IP: ::1 - Route: /api/notifications/stream
[2026-04-03T15:36:48.206Z] 🚨 BLOQUÉ - IP: ::1 - Route: /api/notifications/stream
[2026-04-03T15:37:02.944Z] 🚨 BLOQUÉ - IP: ::1 - Route: /api/products
[2026-04-03T15:37:20.211Z] 🚨 BLOQUÉ - IP: ::1 - Route: /api/products
[2026-04-03T15:37:34.144Z] 🚨 BLOQUÉ - IP: ::1 - Route: /api/auth/login
[2026-04-03T15:37:49.785Z] 🚨 BLOQUÉ - IP: ::1 - Route: /api/notifications/stream
[2026-04-03T15:37:49.835Z] 🚨 BLOQUÉ - IP: ::1 - Route: /api/notifications/stream
[2026-04-03T15:38:09.348Z] 🚨 BLOQUÉ - IP: ::1 - Route: /api/auth/login
